{"C:\\Users\\tupin\\Desktop\\teste_deliverymuch_report\\src\\schemas\\testeSchema.js": {"path":"C:\\Users\\tupin\\Desktop\\teste_deliverymuch_report\\src\\schemas\\testeSchema.js","statementMap":{"0":{"start":{"line":1,"column":22},"end":{"line":9,"column":1}},"1":{"start":{"line":11,"column":22},"end":{"line":19,"column":1}},"2":{"start":{"line":21,"column":0},"end":{"line":21,"column":49}}},"fnMap":{},"branchMap":{},"s":{"0":2,"1":2,"2":2},"f":{},"b":{},"_coverageSchema":"1a1c01bbd47fc00a2c39e90264f33305004495a9","hash":"df743a28d7df8eb23373f121bf7ff20dec2277c4"}
,"C:\\Users\\tupin\\Desktop\\teste_deliverymuch_report\\src\\service\\desafioTesteEn.js": {"path":"C:\\Users\\tupin\\Desktop\\teste_deliverymuch_report\\src\\service\\desafioTesteEn.js","statementMap":{"0":{"start":{"line":1,"column":12},"end":{"line":1,"column":41}},"1":{"start":{"line":2,"column":16},"end":{"line":2,"column":45}},"2":{"start":{"line":6,"column":20},"end":{"line":6,"column":50}},"3":{"start":{"line":7,"column":8},"end":{"line":7,"column":18}},"4":{"start":{"line":11,"column":0},"end":{"line":11,"column":31}}},"fnMap":{"0":{"name":"(anonymous_0)","decl":{"start":{"line":5,"column":4},"end":{"line":5,"column":5}},"loc":{"start":{"line":5,"column":22},"end":{"line":8,"column":5}},"line":5}},"branchMap":{},"s":{"0":1,"1":1,"2":2,"3":2,"4":1},"f":{"0":2},"b":{},"_coverageSchema":"1a1c01bbd47fc00a2c39e90264f33305004495a9","hash":"f2a0b73eed9d03db3073fec3dd2ac1b5de100f69"}
,"C:\\Users\\tupin\\Desktop\\teste_deliverymuch_report\\src\\service\\desafioTestePt.js": {"path":"C:\\Users\\tupin\\Desktop\\teste_deliverymuch_report\\src\\service\\desafioTestePt.js","statementMap":{"0":{"start":{"line":1,"column":12},"end":{"line":1,"column":41}},"1":{"start":{"line":2,"column":16},"end":{"line":2,"column":45}},"2":{"start":{"line":6,"column":20},"end":{"line":6,"column":47}},"3":{"start":{"line":7,"column":8},"end":{"line":7,"column":18}},"4":{"start":{"line":11,"column":0},"end":{"line":11,"column":31}}},"fnMap":{"0":{"name":"(anonymous_0)","decl":{"start":{"line":5,"column":4},"end":{"line":5,"column":5}},"loc":{"start":{"line":5,"column":22},"end":{"line":8,"column":5}},"line":5}},"branchMap":{},"s":{"0":1,"1":1,"2":2,"3":2,"4":1},"f":{"0":2},"b":{},"_coverageSchema":"1a1c01bbd47fc00a2c39e90264f33305004495a9","hash":"55b689b060ae9a31e84901e07a5e93ac5f861fff"}
,"C:\\Users\\tupin\\Desktop\\teste_deliverymuch_report\\src\\settings\\config.js": {"path":"C:\\Users\\tupin\\Desktop\\teste_deliverymuch_report\\src\\settings\\config.js","statementMap":{"0":{"start":{"line":1,"column":20},"end":{"line":1,"column":42}},"1":{"start":{"line":3,"column":0},"end":{"line":3,"column":52}},"2":{"start":{"line":5,"column":12},"end":{"line":5,"column":52}},"3":{"start":{"line":7,"column":0},"end":{"line":7,"column":21}}},"fnMap":{},"branchMap":{},"s":{"0":2,"1":2,"2":2,"3":2},"f":{},"b":{},"_coverageSchema":"1a1c01bbd47fc00a2c39e90264f33305004495a9","hash":"9c758eae96c7369ab4746addc877536629c0ccaa"}
,"C:\\Users\\tupin\\Desktop\\teste_deliverymuch_report\\src\\settings\\environments\\qa.js": {"path":"C:\\Users\\tupin\\Desktop\\teste_deliverymuch_report\\src\\settings\\environments\\qa.js","statementMap":{"0":{"start":{"line":1,"column":0},"end":{"line":3,"column":1}}},"fnMap":{},"branchMap":{},"s":{"0":2},"f":{},"b":{},"_coverageSchema":"1a1c01bbd47fc00a2c39e90264f33305004495a9","hash":"3f3c589ba1f9642ca73945c181c4ea3651d468cb"}
}
